{
  "RSpec": {
    "coverage": {
      "/home/kanstantsin/Project/Monolithic/app/models/user.rb": [
        1,
        null,
        null,
        1,
        null,
        null,
        1,
        1,
        1,
        null
      ],
      "/home/kanstantsin/Project/Monolithic/app/models/application_record.rb": [
        1,
        1,
        null
      ],
      "/home/kanstantsin/Project/Monolithic/app/controllers/accounts_controller.rb": [
        1,
        1,
        1,
        null,
        1,
        null,
        1,
        2,
        2,
        null,
        null,
        1,
        2,
        null,
        null,
        1,
        2,
        2,
        0,
        null,
        null,
        1,
        2,
        2,
        2,
        null,
        null,
        1,
        2,
        2,
        null,
        null,
        1,
        null,
        1,
        4,
        null,
        null,
        1,
        6,
        null,
        null
      ],
      "/home/kanstantsin/Project/Monolithic/app/controllers/application_controller.rb": [
        1,
        1,
        1,
        null
      ],
      "/home/kanstantsin/Project/Monolithic/app/controllers/invites_controller.rb": [
        1,
        1,
        1,
        1,
        null,
        1,
        null,
        1,
        2,
        null,
        null,
        1,
        5,
        5,
        3,
        null,
        2,
        null,
        null,
        null,
        1,
        5,
        3,
        null,
        null,
        0,
        null,
        2,
        null,
        null,
        null,
        1,
        null,
        1,
        null,
        null,
        1,
        null,
        1,
        6,
        null,
        null,
        1,
        12,
        null,
        null,
        1,
        7,
        7,
        7,
        1,
        6,
        1,
        null,
        5,
        null,
        null,
        null,
        1,
        5,
        null,
        null
      ],
      "/home/kanstantsin/Project/Monolithic/app/controllers/rules_controller.rb": [
        1,
        1,
        1,
        null,
        1,
        null,
        1,
        2,
        null,
        null,
        1,
        2,
        null,
        null,
        1,
        4,
        null,
        4,
        2,
        null,
        2,
        null,
        null,
        null,
        1,
        null,
        1,
        2,
        1,
        null,
        1,
        null,
        null,
        null,
        1,
        null,
        1,
        4,
        null,
        null,
        1,
        6,
        null,
        null,
        1,
        2,
        null,
        null
      ],
      "/home/kanstantsin/Project/Monolithic/app/controllers/transactions_controller.rb": [
        1,
        1,
        1,
        1,
        1,
        null,
        null
      ],
      "/home/kanstantsin/Project/Monolithic/app/models/account.rb": [
        1,
        1,
        1,
        1,
        1,
        1,
        1,
        null
      ],
      "/home/kanstantsin/Project/Monolithic/app/models/transaction.rb": [
        1,
        1,
        1,
        1,
        1,
        null
      ],
      "/home/kanstantsin/Project/Monolithic/app/services/transaction_creator.rb": [
        1,
        null,
        null,
        null,
        null,
        null,
        null,
        null,
        1,
        null,
        1,
        2,
        2,
        null,
        null,
        1,
        2,
        2,
        2,
        2,
        null,
        null,
        2,
        null,
        null,
        1,
        null,
        null,
        null,
        1,
        2,
        null,
        null,
        null,
        null,
        null,
        null,
        null,
        1,
        2,
        2,
        null,
        null,
        1,
        2,
        2,
        null,
        null,
        null,
        null,
        null,
        null,
        1,
        8,
        null,
        null,
        1,
        4,
        null,
        null,
        1,
        6,
        null,
        null
      ],
      "/home/kanstantsin/Project/Monolithic/app/models/account_user.rb": [
        1,
        1,
        1,
        1,
        1,
        null,
        1,
        1,
        null
      ],
      "/home/kanstantsin/Project/Monolithic/app/models/invite.rb": [
        1,
        1,
        1,
        1,
        1,
        1,
        null,
        1,
        null,
        1,
        19,
        null,
        null,
        1,
        19,
        null,
        null
      ],
      "/home/kanstantsin/Project/Monolithic/app/models/role.rb": [
        1,
        1,
        null
      ],
      "/home/kanstantsin/Project/Monolithic/app/models/rule.rb": [
        1,
        1,
        1,
        null,
        1,
        null,
        null,
        null,
        null,
        null
      ]
    },
    "timestamp": 1612810226
  }
}
